<?xml version="1.0" encoding="UTF-8"?>
<testsuite xmlns:xsi="http://www.w3.org/2001/XMLSchema-instance" xsi:noNamespaceSchemaLocation="https://maven.apache.org/surefire/maven-surefire-plugin/xsd/surefire-test-report-3.0.xsd" version="3.0" name="com.busdriver.BusTest" time="0.047" tests="16" errors="0" skipped="0" failures="0">
  <properties>
[...]
</properties>
  <testcase name="sameCapacityShouldBeAllowed" classname="com.busdriver.BusTest" time="0.013"/>
  <testcase name="nonDigitBusIDShouldBeRejected" classname="com.busdriver.BusTest" time="0.002"/>
  <testcase name="hybridBusWithLightLicenceShouldBeRejected" classname="com.busdriver.BusTest" time="0.012"/>
  <testcase name="capacityIncreaseShouldBeRejected" classname="com.busdriver.BusTest" time="0.001"/>
  <testcase name="driverUnder50LargeBusShouldBeAllowed" classname="com.busdriver.BusTest" time="0.001"/>
  <testcase name="capacityDecreaseShouldBeAllowed" classname="com.busdriver.BusTest" time="0.001"/>
  <testcase name="hybridBusWithHeavyLicenceShouldBeAllowed" classname="com.busdriver.BusTest" time="0.001"/>
  <testcase name="dieselBusWithLowExperienceDriverShouldBeAllowed" classname="com.busdriver.BusTest" time="0.0"/>
  <testcase name="electricBusWithExperiencedDriverShouldBeAllowed" classname="com.busdriver.BusTest" time="0.0"/>
  <testcase name="driverOver50LargeBusShouldBeRejected" classname="com.busdriver.BusTest" time="0.001"/>
  <testcase name="driverOver50SmallBusShouldBeAllowed" classname="com.busdriver.BusTest" time="0.001"/>
  <testcase name="duplicateBusIDShouldBeRejected" classname="com.busdriver.BusTest" time="0.002"/>
  <testcase name="shortBusIDShouldBeRejected" classname="com.busdriver.BusTest" time="0.0"/>
  <testcase name="electricBusWithLowExperienceDriverShouldBeRejected" classname="com.busdriver.BusTest" time="0.0"/>
  <testcase name="validBusIDShouldBeAccepted" classname="com.busdriver.BusTest" time="0.001"/>
  <testcase name="electricBusWithPublicTransportLicenceShouldBeAllowed" classname="com.busdriver.BusTest" time="0.0"/>
</testsuite>